The system is: Darwin - 13.0.0 - i386
Compiling the C compiler identification source file "CMakeCCompilerId.c" succeeded.
Compiler: /usr/bin/cc 
Build flags: 
Id flags: 

The output was:
0


Compilation of the C compiler identification source "CMakeCCompilerId.c" produced "a.out"

The C compiler identification is Clang, found in "/Users/janmachacek/Talks/springone2gx2013/native/rabbitmq-cpp/CMakeFiles/2.8.11.2/CompilerIdC/a.out"

Compiling the CXX compiler identification source file "CMakeCXXCompilerId.cpp" succeeded.
Compiler: /usr/bin/c++ 
Build flags: 
Id flags: 

The output was:
0


Compilation of the CXX compiler identification source "CMakeCXXCompilerId.cpp" produced "a.out"

The CXX compiler identification is Clang, found in "/Users/janmachacek/Talks/springone2gx2013/native/rabbitmq-cpp/CMakeFiles/2.8.11.2/CompilerIdCXX/a.out"

Determining if the C compiler works passed with the following output:
Change Dir: /Users/janmachacek/Talks/springone2gx2013/native/rabbitmq-cpp/CMakeFiles/CMakeTmp

Run Build Command:/usr/bin/make "cmTryCompileExec1069623383/fast"
/Applications/Xcode5-DP5.app/Contents/Developer/usr/bin/make -f CMakeFiles/cmTryCompileExec1069623383.dir/build.make CMakeFiles/cmTryCompileExec1069623383.dir/build
/usr/local/Cellar/cmake/2.8.11.2/bin/cmake -E cmake_progress_report /Users/janmachacek/Talks/springone2gx2013/native/rabbitmq-cpp/CMakeFiles/CMakeTmp/CMakeFiles 1
Building C object CMakeFiles/cmTryCompileExec1069623383.dir/testCCompiler.c.o
/usr/bin/cc    -o CMakeFiles/cmTryCompileExec1069623383.dir/testCCompiler.c.o   -c /Users/janmachacek/Talks/springone2gx2013/native/rabbitmq-cpp/CMakeFiles/CMakeTmp/testCCompiler.c
Linking C executable cmTryCompileExec1069623383
/usr/local/Cellar/cmake/2.8.11.2/bin/cmake -E cmake_link_script CMakeFiles/cmTryCompileExec1069623383.dir/link.txt --verbose=1
/usr/bin/cc      -Wl,-search_paths_first -Wl,-headerpad_max_install_names   CMakeFiles/cmTryCompileExec1069623383.dir/testCCompiler.c.o  -o cmTryCompileExec1069623383  


Detecting C compiler ABI info compiled with the following output:
Change Dir: /Users/janmachacek/Talks/springone2gx2013/native/rabbitmq-cpp/CMakeFiles/CMakeTmp

Run Build Command:/usr/bin/make "cmTryCompileExec807414930/fast"
/Applications/Xcode5-DP5.app/Contents/Developer/usr/bin/make -f CMakeFiles/cmTryCompileExec807414930.dir/build.make CMakeFiles/cmTryCompileExec807414930.dir/build
/usr/local/Cellar/cmake/2.8.11.2/bin/cmake -E cmake_progress_report /Users/janmachacek/Talks/springone2gx2013/native/rabbitmq-cpp/CMakeFiles/CMakeTmp/CMakeFiles 1
Building C object CMakeFiles/cmTryCompileExec807414930.dir/CMakeCCompilerABI.c.o
/usr/bin/cc    -o CMakeFiles/cmTryCompileExec807414930.dir/CMakeCCompilerABI.c.o   -c /usr/local/Cellar/cmake/2.8.11.2/share/cmake/Modules/CMakeCCompilerABI.c
Linking C executable cmTryCompileExec807414930
/usr/local/Cellar/cmake/2.8.11.2/bin/cmake -E cmake_link_script CMakeFiles/cmTryCompileExec807414930.dir/link.txt --verbose=1
/usr/bin/cc      -Wl,-search_paths_first -Wl,-headerpad_max_install_names -v -Wl,-v CMakeFiles/cmTryCompileExec807414930.dir/CMakeCCompilerABI.c.o  -o cmTryCompileExec807414930   
Apple LLVM version 5.0 (clang-500.1.72) (based on LLVM 3.3svn)
Target: x86_64-apple-darwin13.0.0
Thread model: posix
 "/Applications/Xcode5-DP5.app/Contents/Developer/Toolchains/XcodeDefault.xctoolchain/usr/bin/ld" -demangle -dynamic -arch x86_64 -macosx_version_min 10.9.0 -o cmTryCompileExec807414930 -search_paths_first -headerpad_max_install_names -v CMakeFiles/cmTryCompileExec807414930.dir/CMakeCCompilerABI.c.o -lSystem /Applications/Xcode5-DP5.app/Contents/Developer/Toolchains/XcodeDefault.xctoolchain/usr/bin/../lib/clang/5.0/lib/darwin/libclang_rt.osx.a
@(#)PROGRAM:ld  PROJECT:ld64-143
configured to support archs: armv6 armv7 armv7s armv6m armv7m armv7em i386 x86_64
Library search paths:
	/usr/lib
	/usr/local/lib
Framework search paths:
	/Library/Frameworks/
	/System/Library/Frameworks/


Parsed C implicit link information from above output:
  link line regex: [^( *|.*[/\])(ld|ld|collect2)[^/\]*( |$)]
  ignore line: [Change Dir: /Users/janmachacek/Talks/springone2gx2013/native/rabbitmq-cpp/CMakeFiles/CMakeTmp]
  ignore line: []
  ignore line: [Run Build Command:/usr/bin/make "cmTryCompileExec807414930/fast"]
  ignore line: [/Applications/Xcode5-DP5.app/Contents/Developer/usr/bin/make -f CMakeFiles/cmTryCompileExec807414930.dir/build.make CMakeFiles/cmTryCompileExec807414930.dir/build]
  ignore line: [/usr/local/Cellar/cmake/2.8.11.2/bin/cmake -E cmake_progress_report /Users/janmachacek/Talks/springone2gx2013/native/rabbitmq-cpp/CMakeFiles/CMakeTmp/CMakeFiles 1]
  ignore line: [Building C object CMakeFiles/cmTryCompileExec807414930.dir/CMakeCCompilerABI.c.o]
  ignore line: [/usr/bin/cc    -o CMakeFiles/cmTryCompileExec807414930.dir/CMakeCCompilerABI.c.o   -c /usr/local/Cellar/cmake/2.8.11.2/share/cmake/Modules/CMakeCCompilerABI.c]
  ignore line: [Linking C executable cmTryCompileExec807414930]
  ignore line: [/usr/local/Cellar/cmake/2.8.11.2/bin/cmake -E cmake_link_script CMakeFiles/cmTryCompileExec807414930.dir/link.txt --verbose=1]
  ignore line: [/usr/bin/cc      -Wl,-search_paths_first -Wl,-headerpad_max_install_names -v -Wl,-v CMakeFiles/cmTryCompileExec807414930.dir/CMakeCCompilerABI.c.o  -o cmTryCompileExec807414930   ]
  ignore line: [Apple LLVM version 5.0 (clang-500.1.72) (based on LLVM 3.3svn)]
  ignore line: [Target: x86_64-apple-darwin13.0.0]
  ignore line: [Thread model: posix]
  link line: [ "/Applications/Xcode5-DP5.app/Contents/Developer/Toolchains/XcodeDefault.xctoolchain/usr/bin/ld" -demangle -dynamic -arch x86_64 -macosx_version_min 10.9.0 -o cmTryCompileExec807414930 -search_paths_first -headerpad_max_install_names -v CMakeFiles/cmTryCompileExec807414930.dir/CMakeCCompilerABI.c.o -lSystem /Applications/Xcode5-DP5.app/Contents/Developer/Toolchains/XcodeDefault.xctoolchain/usr/bin/../lib/clang/5.0/lib/darwin/libclang_rt.osx.a]
    arg [/Applications/Xcode5-DP5.app/Contents/Developer/Toolchains/XcodeDefault.xctoolchain/usr/bin/ld] ==> ignore
    arg [-demangle] ==> ignore
    arg [-dynamic] ==> ignore
    arg [-arch] ==> ignore
    arg [x86_64] ==> ignore
    arg [-macosx_version_min] ==> ignore
    arg [10.9.0] ==> ignore
    arg [-o] ==> ignore
    arg [cmTryCompileExec807414930] ==> ignore
    arg [-search_paths_first] ==> ignore
    arg [-headerpad_max_install_names] ==> ignore
    arg [-v] ==> ignore
    arg [CMakeFiles/cmTryCompileExec807414930.dir/CMakeCCompilerABI.c.o] ==> ignore
    arg [-lSystem] ==> lib [System]
    arg [/Applications/Xcode5-DP5.app/Contents/Developer/Toolchains/XcodeDefault.xctoolchain/usr/bin/../lib/clang/5.0/lib/darwin/libclang_rt.osx.a] ==> lib [/Applications/Xcode5-DP5.app/Contents/Developer/Toolchains/XcodeDefault.xctoolchain/usr/bin/../lib/clang/5.0/lib/darwin/libclang_rt.osx.a]
  Library search paths: [;/usr/lib;/usr/local/lib]
  Framework search paths: [;/Library/Frameworks/;/System/Library/Frameworks/]
  remove lib [System]
  collapse lib [/Applications/Xcode5-DP5.app/Contents/Developer/Toolchains/XcodeDefault.xctoolchain/usr/bin/../lib/clang/5.0/lib/darwin/libclang_rt.osx.a] ==> [/Applications/Xcode5-DP5.app/Contents/Developer/Toolchains/XcodeDefault.xctoolchain/usr/lib/clang/5.0/lib/darwin/libclang_rt.osx.a]
  collapse library dir [/usr/lib] ==> [/usr/lib]
  collapse library dir [/usr/local/lib] ==> [/usr/local/lib]
  collapse framework dir [/Library/Frameworks/] ==> [/Library/Frameworks]
  collapse framework dir [/System/Library/Frameworks/] ==> [/System/Library/Frameworks]
  implicit libs: [/Applications/Xcode5-DP5.app/Contents/Developer/Toolchains/XcodeDefault.xctoolchain/usr/lib/clang/5.0/lib/darwin/libclang_rt.osx.a]
  implicit dirs: [/usr/lib;/usr/local/lib]
  implicit fwks: [/Library/Frameworks;/System/Library/Frameworks]


Determining if the CXX compiler works passed with the following output:
Change Dir: /Users/janmachacek/Talks/springone2gx2013/native/rabbitmq-cpp/CMakeFiles/CMakeTmp

Run Build Command:/usr/bin/make "cmTryCompileExec445754853/fast"
/Applications/Xcode5-DP5.app/Contents/Developer/usr/bin/make -f CMakeFiles/cmTryCompileExec445754853.dir/build.make CMakeFiles/cmTryCompileExec445754853.dir/build
/usr/local/Cellar/cmake/2.8.11.2/bin/cmake -E cmake_progress_report /Users/janmachacek/Talks/springone2gx2013/native/rabbitmq-cpp/CMakeFiles/CMakeTmp/CMakeFiles 1
Building CXX object CMakeFiles/cmTryCompileExec445754853.dir/testCXXCompiler.cxx.o
/usr/bin/c++     -o CMakeFiles/cmTryCompileExec445754853.dir/testCXXCompiler.cxx.o -c /Users/janmachacek/Talks/springone2gx2013/native/rabbitmq-cpp/CMakeFiles/CMakeTmp/testCXXCompiler.cxx
Linking CXX executable cmTryCompileExec445754853
/usr/local/Cellar/cmake/2.8.11.2/bin/cmake -E cmake_link_script CMakeFiles/cmTryCompileExec445754853.dir/link.txt --verbose=1
/usr/bin/c++       -Wl,-search_paths_first -Wl,-headerpad_max_install_names   CMakeFiles/cmTryCompileExec445754853.dir/testCXXCompiler.cxx.o  -o cmTryCompileExec445754853  


Detecting CXX compiler ABI info compiled with the following output:
Change Dir: /Users/janmachacek/Talks/springone2gx2013/native/rabbitmq-cpp/CMakeFiles/CMakeTmp

Run Build Command:/usr/bin/make "cmTryCompileExec382627740/fast"
/Applications/Xcode5-DP5.app/Contents/Developer/usr/bin/make -f CMakeFiles/cmTryCompileExec382627740.dir/build.make CMakeFiles/cmTryCompileExec382627740.dir/build
/usr/local/Cellar/cmake/2.8.11.2/bin/cmake -E cmake_progress_report /Users/janmachacek/Talks/springone2gx2013/native/rabbitmq-cpp/CMakeFiles/CMakeTmp/CMakeFiles 1
Building CXX object CMakeFiles/cmTryCompileExec382627740.dir/CMakeCXXCompilerABI.cpp.o
/usr/bin/c++     -o CMakeFiles/cmTryCompileExec382627740.dir/CMakeCXXCompilerABI.cpp.o -c /usr/local/Cellar/cmake/2.8.11.2/share/cmake/Modules/CMakeCXXCompilerABI.cpp
Linking CXX executable cmTryCompileExec382627740
/usr/local/Cellar/cmake/2.8.11.2/bin/cmake -E cmake_link_script CMakeFiles/cmTryCompileExec382627740.dir/link.txt --verbose=1
/usr/bin/c++       -Wl,-search_paths_first -Wl,-headerpad_max_install_names -v -Wl,-v CMakeFiles/cmTryCompileExec382627740.dir/CMakeCXXCompilerABI.cpp.o  -o cmTryCompileExec382627740   
Apple LLVM version 5.0 (clang-500.1.72) (based on LLVM 3.3svn)
Target: x86_64-apple-darwin13.0.0
Thread model: posix
 "/Applications/Xcode5-DP5.app/Contents/Developer/Toolchains/XcodeDefault.xctoolchain/usr/bin/ld" -demangle -dynamic -arch x86_64 -macosx_version_min 10.9.0 -o cmTryCompileExec382627740 -search_paths_first -headerpad_max_install_names -v CMakeFiles/cmTryCompileExec382627740.dir/CMakeCXXCompilerABI.cpp.o -lc++ -lSystem /Applications/Xcode5-DP5.app/Contents/Developer/Toolchains/XcodeDefault.xctoolchain/usr/bin/../lib/clang/5.0/lib/darwin/libclang_rt.osx.a
@(#)PROGRAM:ld  PROJECT:ld64-143
configured to support archs: armv6 armv7 armv7s armv6m armv7m armv7em i386 x86_64
Library search paths:
	/usr/lib
	/usr/local/lib
Framework search paths:
	/Library/Frameworks/
	/System/Library/Frameworks/


Parsed CXX implicit link information from above output:
  link line regex: [^( *|.*[/\])(ld|ld|collect2)[^/\]*( |$)]
  ignore line: [Change Dir: /Users/janmachacek/Talks/springone2gx2013/native/rabbitmq-cpp/CMakeFiles/CMakeTmp]
  ignore line: []
  ignore line: [Run Build Command:/usr/bin/make "cmTryCompileExec382627740/fast"]
  ignore line: [/Applications/Xcode5-DP5.app/Contents/Developer/usr/bin/make -f CMakeFiles/cmTryCompileExec382627740.dir/build.make CMakeFiles/cmTryCompileExec382627740.dir/build]
  ignore line: [/usr/local/Cellar/cmake/2.8.11.2/bin/cmake -E cmake_progress_report /Users/janmachacek/Talks/springone2gx2013/native/rabbitmq-cpp/CMakeFiles/CMakeTmp/CMakeFiles 1]
  ignore line: [Building CXX object CMakeFiles/cmTryCompileExec382627740.dir/CMakeCXXCompilerABI.cpp.o]
  ignore line: [/usr/bin/c++     -o CMakeFiles/cmTryCompileExec382627740.dir/CMakeCXXCompilerABI.cpp.o -c /usr/local/Cellar/cmake/2.8.11.2/share/cmake/Modules/CMakeCXXCompilerABI.cpp]
  ignore line: [Linking CXX executable cmTryCompileExec382627740]
  ignore line: [/usr/local/Cellar/cmake/2.8.11.2/bin/cmake -E cmake_link_script CMakeFiles/cmTryCompileExec382627740.dir/link.txt --verbose=1]
  ignore line: [/usr/bin/c++       -Wl,-search_paths_first -Wl,-headerpad_max_install_names -v -Wl,-v CMakeFiles/cmTryCompileExec382627740.dir/CMakeCXXCompilerABI.cpp.o  -o cmTryCompileExec382627740   ]
  ignore line: [Apple LLVM version 5.0 (clang-500.1.72) (based on LLVM 3.3svn)]
  ignore line: [Target: x86_64-apple-darwin13.0.0]
  ignore line: [Thread model: posix]
  link line: [ "/Applications/Xcode5-DP5.app/Contents/Developer/Toolchains/XcodeDefault.xctoolchain/usr/bin/ld" -demangle -dynamic -arch x86_64 -macosx_version_min 10.9.0 -o cmTryCompileExec382627740 -search_paths_first -headerpad_max_install_names -v CMakeFiles/cmTryCompileExec382627740.dir/CMakeCXXCompilerABI.cpp.o -lc++ -lSystem /Applications/Xcode5-DP5.app/Contents/Developer/Toolchains/XcodeDefault.xctoolchain/usr/bin/../lib/clang/5.0/lib/darwin/libclang_rt.osx.a]
    arg [/Applications/Xcode5-DP5.app/Contents/Developer/Toolchains/XcodeDefault.xctoolchain/usr/bin/ld] ==> ignore
    arg [-demangle] ==> ignore
    arg [-dynamic] ==> ignore
    arg [-arch] ==> ignore
    arg [x86_64] ==> ignore
    arg [-macosx_version_min] ==> ignore
    arg [10.9.0] ==> ignore
    arg [-o] ==> ignore
    arg [cmTryCompileExec382627740] ==> ignore
    arg [-search_paths_first] ==> ignore
    arg [-headerpad_max_install_names] ==> ignore
    arg [-v] ==> ignore
    arg [CMakeFiles/cmTryCompileExec382627740.dir/CMakeCXXCompilerABI.cpp.o] ==> ignore
    arg [-lc++] ==> lib [c++]
    arg [-lSystem] ==> lib [System]
    arg [/Applications/Xcode5-DP5.app/Contents/Developer/Toolchains/XcodeDefault.xctoolchain/usr/bin/../lib/clang/5.0/lib/darwin/libclang_rt.osx.a] ==> lib [/Applications/Xcode5-DP5.app/Contents/Developer/Toolchains/XcodeDefault.xctoolchain/usr/bin/../lib/clang/5.0/lib/darwin/libclang_rt.osx.a]
  Library search paths: [;/usr/lib;/usr/local/lib]
  Framework search paths: [;/Library/Frameworks/;/System/Library/Frameworks/]
  remove lib [System]
  collapse lib [/Applications/Xcode5-DP5.app/Contents/Developer/Toolchains/XcodeDefault.xctoolchain/usr/bin/../lib/clang/5.0/lib/darwin/libclang_rt.osx.a] ==> [/Applications/Xcode5-DP5.app/Contents/Developer/Toolchains/XcodeDefault.xctoolchain/usr/lib/clang/5.0/lib/darwin/libclang_rt.osx.a]
  collapse library dir [/usr/lib] ==> [/usr/lib]
  collapse library dir [/usr/local/lib] ==> [/usr/local/lib]
  collapse framework dir [/Library/Frameworks/] ==> [/Library/Frameworks]
  collapse framework dir [/System/Library/Frameworks/] ==> [/System/Library/Frameworks]
  implicit libs: [c++;/Applications/Xcode5-DP5.app/Contents/Developer/Toolchains/XcodeDefault.xctoolchain/usr/lib/clang/5.0/lib/darwin/libclang_rt.osx.a]
  implicit dirs: [/usr/lib;/usr/local/lib]
  implicit fwks: [/Library/Frameworks;/System/Library/Frameworks]


Determining if the include file sys/socket.h exists passed with the following output:
Change Dir: /Users/janmachacek/Talks/springone2gx2013/native/rabbitmq-cpp/CMakeFiles/CMakeTmp

Run Build Command:/usr/bin/make "cmTryCompileExec1867305090/fast"
/Applications/Xcode5-DP5.app/Contents/Developer/usr/bin/make -f CMakeFiles/cmTryCompileExec1867305090.dir/build.make CMakeFiles/cmTryCompileExec1867305090.dir/build
/usr/local/Cellar/cmake/2.8.11.2/bin/cmake -E cmake_progress_report /Users/janmachacek/Talks/springone2gx2013/native/rabbitmq-cpp/CMakeFiles/CMakeTmp/CMakeFiles 1
Building C object CMakeFiles/cmTryCompileExec1867305090.dir/CheckIncludeFile.c.o
/usr/bin/cc    -o CMakeFiles/cmTryCompileExec1867305090.dir/CheckIncludeFile.c.o   -c /Users/janmachacek/Talks/springone2gx2013/native/rabbitmq-cpp/CMakeFiles/CMakeTmp/CheckIncludeFile.c
Linking C executable cmTryCompileExec1867305090
/usr/local/Cellar/cmake/2.8.11.2/bin/cmake -E cmake_link_script CMakeFiles/cmTryCompileExec1867305090.dir/link.txt --verbose=1
/usr/bin/cc      -Wl,-search_paths_first -Wl,-headerpad_max_install_names   CMakeFiles/cmTryCompileExec1867305090.dir/CheckIncludeFile.c.o  -o cmTryCompileExec1867305090  


Determining if the function strerror_r exists passed with the following output:
Change Dir: /Users/janmachacek/Talks/springone2gx2013/native/rabbitmq-cpp/CMakeFiles/CMakeTmp

Run Build Command:/usr/bin/make "cmTryCompileExec2773311533/fast"
/Applications/Xcode5-DP5.app/Contents/Developer/usr/bin/make -f CMakeFiles/cmTryCompileExec2773311533.dir/build.make CMakeFiles/cmTryCompileExec2773311533.dir/build
/usr/local/Cellar/cmake/2.8.11.2/bin/cmake -E cmake_progress_report /Users/janmachacek/Talks/springone2gx2013/native/rabbitmq-cpp/CMakeFiles/CMakeTmp/CMakeFiles 1
Building C object CMakeFiles/cmTryCompileExec2773311533.dir/CheckFunctionExists.c.o
/usr/bin/cc  -D_XOPEN_SOURCE=600 -DCHECK_FUNCTION_EXISTS=strerror_r   -o CMakeFiles/cmTryCompileExec2773311533.dir/CheckFunctionExists.c.o   -c /usr/local/Cellar/cmake/2.8.11.2/share/cmake/Modules/CheckFunctionExists.c
Linking C executable cmTryCompileExec2773311533
/usr/local/Cellar/cmake/2.8.11.2/bin/cmake -E cmake_link_script CMakeFiles/cmTryCompileExec2773311533.dir/link.txt --verbose=1
/usr/bin/cc     -DCHECK_FUNCTION_EXISTS=strerror_r -Wl,-search_paths_first -Wl,-headerpad_max_install_names   CMakeFiles/cmTryCompileExec2773311533.dir/CheckFunctionExists.c.o  -o cmTryCompileExec2773311533  


