The system is: Darwin - 13.0.0 - i386
Compiling the C compiler identification source file "CMakeCCompilerId.c" succeeded.
Compiler: /usr/bin/cc 
Build flags: 
Id flags: 

The output was:
0


Compilation of the C compiler identification source "CMakeCCompilerId.c" produced "a.out"

The C compiler identification is Clang, found in "/Users/janmachacek/Talks/springone2gx2013/native/rabbitmq-c/CMakeFiles/2.8.11.2/CompilerIdC/a.out"

Determining if the C compiler works passed with the following output:
Change Dir: /Users/janmachacek/Talks/springone2gx2013/native/rabbitmq-c/CMakeFiles/CMakeTmp

Run Build Command:/usr/bin/make "cmTryCompileExec504658018/fast"
/Applications/Xcode5-DP5.app/Contents/Developer/usr/bin/make -f CMakeFiles/cmTryCompileExec504658018.dir/build.make CMakeFiles/cmTryCompileExec504658018.dir/build
/usr/local/Cellar/cmake/2.8.11.2/bin/cmake -E cmake_progress_report /Users/janmachacek/Talks/springone2gx2013/native/rabbitmq-c/CMakeFiles/CMakeTmp/CMakeFiles 1
Building C object CMakeFiles/cmTryCompileExec504658018.dir/testCCompiler.c.o
/usr/bin/cc    -o CMakeFiles/cmTryCompileExec504658018.dir/testCCompiler.c.o   -c /Users/janmachacek/Talks/springone2gx2013/native/rabbitmq-c/CMakeFiles/CMakeTmp/testCCompiler.c
Linking C executable cmTryCompileExec504658018
/usr/local/Cellar/cmake/2.8.11.2/bin/cmake -E cmake_link_script CMakeFiles/cmTryCompileExec504658018.dir/link.txt --verbose=1
/usr/bin/cc      -Wl,-search_paths_first -Wl,-headerpad_max_install_names   CMakeFiles/cmTryCompileExec504658018.dir/testCCompiler.c.o  -o cmTryCompileExec504658018  


Detecting C compiler ABI info compiled with the following output:
Change Dir: /Users/janmachacek/Talks/springone2gx2013/native/rabbitmq-c/CMakeFiles/CMakeTmp

Run Build Command:/usr/bin/make "cmTryCompileExec2592799372/fast"
/Applications/Xcode5-DP5.app/Contents/Developer/usr/bin/make -f CMakeFiles/cmTryCompileExec2592799372.dir/build.make CMakeFiles/cmTryCompileExec2592799372.dir/build
/usr/local/Cellar/cmake/2.8.11.2/bin/cmake -E cmake_progress_report /Users/janmachacek/Talks/springone2gx2013/native/rabbitmq-c/CMakeFiles/CMakeTmp/CMakeFiles 1
Building C object CMakeFiles/cmTryCompileExec2592799372.dir/CMakeCCompilerABI.c.o
/usr/bin/cc    -o CMakeFiles/cmTryCompileExec2592799372.dir/CMakeCCompilerABI.c.o   -c /usr/local/Cellar/cmake/2.8.11.2/share/cmake/Modules/CMakeCCompilerABI.c
Linking C executable cmTryCompileExec2592799372
/usr/local/Cellar/cmake/2.8.11.2/bin/cmake -E cmake_link_script CMakeFiles/cmTryCompileExec2592799372.dir/link.txt --verbose=1
/usr/bin/cc      -Wl,-search_paths_first -Wl,-headerpad_max_install_names -v -Wl,-v CMakeFiles/cmTryCompileExec2592799372.dir/CMakeCCompilerABI.c.o  -o cmTryCompileExec2592799372   
Apple LLVM version 5.0 (clang-500.1.72) (based on LLVM 3.3svn)
Target: x86_64-apple-darwin13.0.0
Thread model: posix
 "/Applications/Xcode5-DP5.app/Contents/Developer/Toolchains/XcodeDefault.xctoolchain/usr/bin/ld" -demangle -dynamic -arch x86_64 -macosx_version_min 10.9.0 -o cmTryCompileExec2592799372 -search_paths_first -headerpad_max_install_names -v CMakeFiles/cmTryCompileExec2592799372.dir/CMakeCCompilerABI.c.o -lSystem /Applications/Xcode5-DP5.app/Contents/Developer/Toolchains/XcodeDefault.xctoolchain/usr/bin/../lib/clang/5.0/lib/darwin/libclang_rt.osx.a
@(#)PROGRAM:ld  PROJECT:ld64-143
configured to support archs: armv6 armv7 armv7s armv6m armv7m armv7em i386 x86_64
Library search paths:
	/usr/lib
	/usr/local/lib
Framework search paths:
	/Library/Frameworks/
	/System/Library/Frameworks/


Parsed C implicit link information from above output:
  link line regex: [^( *|.*[/\])(ld|ld|collect2)[^/\]*( |$)]
  ignore line: [Change Dir: /Users/janmachacek/Talks/springone2gx2013/native/rabbitmq-c/CMakeFiles/CMakeTmp]
  ignore line: []
  ignore line: [Run Build Command:/usr/bin/make "cmTryCompileExec2592799372/fast"]
  ignore line: [/Applications/Xcode5-DP5.app/Contents/Developer/usr/bin/make -f CMakeFiles/cmTryCompileExec2592799372.dir/build.make CMakeFiles/cmTryCompileExec2592799372.dir/build]
  ignore line: [/usr/local/Cellar/cmake/2.8.11.2/bin/cmake -E cmake_progress_report /Users/janmachacek/Talks/springone2gx2013/native/rabbitmq-c/CMakeFiles/CMakeTmp/CMakeFiles 1]
  ignore line: [Building C object CMakeFiles/cmTryCompileExec2592799372.dir/CMakeCCompilerABI.c.o]
  ignore line: [/usr/bin/cc    -o CMakeFiles/cmTryCompileExec2592799372.dir/CMakeCCompilerABI.c.o   -c /usr/local/Cellar/cmake/2.8.11.2/share/cmake/Modules/CMakeCCompilerABI.c]
  ignore line: [Linking C executable cmTryCompileExec2592799372]
  ignore line: [/usr/local/Cellar/cmake/2.8.11.2/bin/cmake -E cmake_link_script CMakeFiles/cmTryCompileExec2592799372.dir/link.txt --verbose=1]
  ignore line: [/usr/bin/cc      -Wl,-search_paths_first -Wl,-headerpad_max_install_names -v -Wl,-v CMakeFiles/cmTryCompileExec2592799372.dir/CMakeCCompilerABI.c.o  -o cmTryCompileExec2592799372   ]
  ignore line: [Apple LLVM version 5.0 (clang-500.1.72) (based on LLVM 3.3svn)]
  ignore line: [Target: x86_64-apple-darwin13.0.0]
  ignore line: [Thread model: posix]
  link line: [ "/Applications/Xcode5-DP5.app/Contents/Developer/Toolchains/XcodeDefault.xctoolchain/usr/bin/ld" -demangle -dynamic -arch x86_64 -macosx_version_min 10.9.0 -o cmTryCompileExec2592799372 -search_paths_first -headerpad_max_install_names -v CMakeFiles/cmTryCompileExec2592799372.dir/CMakeCCompilerABI.c.o -lSystem /Applications/Xcode5-DP5.app/Contents/Developer/Toolchains/XcodeDefault.xctoolchain/usr/bin/../lib/clang/5.0/lib/darwin/libclang_rt.osx.a]
    arg [/Applications/Xcode5-DP5.app/Contents/Developer/Toolchains/XcodeDefault.xctoolchain/usr/bin/ld] ==> ignore
    arg [-demangle] ==> ignore
    arg [-dynamic] ==> ignore
    arg [-arch] ==> ignore
    arg [x86_64] ==> ignore
    arg [-macosx_version_min] ==> ignore
    arg [10.9.0] ==> ignore
    arg [-o] ==> ignore
    arg [cmTryCompileExec2592799372] ==> ignore
    arg [-search_paths_first] ==> ignore
    arg [-headerpad_max_install_names] ==> ignore
    arg [-v] ==> ignore
    arg [CMakeFiles/cmTryCompileExec2592799372.dir/CMakeCCompilerABI.c.o] ==> ignore
    arg [-lSystem] ==> lib [System]
    arg [/Applications/Xcode5-DP5.app/Contents/Developer/Toolchains/XcodeDefault.xctoolchain/usr/bin/../lib/clang/5.0/lib/darwin/libclang_rt.osx.a] ==> lib [/Applications/Xcode5-DP5.app/Contents/Developer/Toolchains/XcodeDefault.xctoolchain/usr/bin/../lib/clang/5.0/lib/darwin/libclang_rt.osx.a]
  Library search paths: [;/usr/lib;/usr/local/lib]
  Framework search paths: [;/Library/Frameworks/;/System/Library/Frameworks/]
  remove lib [System]
  collapse lib [/Applications/Xcode5-DP5.app/Contents/Developer/Toolchains/XcodeDefault.xctoolchain/usr/bin/../lib/clang/5.0/lib/darwin/libclang_rt.osx.a] ==> [/Applications/Xcode5-DP5.app/Contents/Developer/Toolchains/XcodeDefault.xctoolchain/usr/lib/clang/5.0/lib/darwin/libclang_rt.osx.a]
  collapse library dir [/usr/lib] ==> [/usr/lib]
  collapse library dir [/usr/local/lib] ==> [/usr/local/lib]
  collapse framework dir [/Library/Frameworks/] ==> [/Library/Frameworks]
  collapse framework dir [/System/Library/Frameworks/] ==> [/System/Library/Frameworks]
  implicit libs: [/Applications/Xcode5-DP5.app/Contents/Developer/Toolchains/XcodeDefault.xctoolchain/usr/lib/clang/5.0/lib/darwin/libclang_rt.osx.a]
  implicit dirs: [/usr/lib;/usr/local/lib]
  implicit fwks: [/Library/Frameworks;/System/Library/Frameworks]


Determining if the function getaddrinfo exists passed with the following output:
Change Dir: /Users/janmachacek/Talks/springone2gx2013/native/rabbitmq-c/CMakeFiles/CMakeTmp

Run Build Command:/usr/bin/make "cmTryCompileExec1989502602/fast"
/Applications/Xcode5-DP5.app/Contents/Developer/usr/bin/make -f CMakeFiles/cmTryCompileExec1989502602.dir/build.make CMakeFiles/cmTryCompileExec1989502602.dir/build
/usr/local/Cellar/cmake/2.8.11.2/bin/cmake -E cmake_progress_report /Users/janmachacek/Talks/springone2gx2013/native/rabbitmq-c/CMakeFiles/CMakeTmp/CMakeFiles 1
Building C object CMakeFiles/cmTryCompileExec1989502602.dir/CheckFunctionExists.c.o
/usr/bin/cc   -DCHECK_FUNCTION_EXISTS=getaddrinfo   -o CMakeFiles/cmTryCompileExec1989502602.dir/CheckFunctionExists.c.o   -c /usr/local/Cellar/cmake/2.8.11.2/share/cmake/Modules/CheckFunctionExists.c
Linking C executable cmTryCompileExec1989502602
/usr/local/Cellar/cmake/2.8.11.2/bin/cmake -E cmake_link_script CMakeFiles/cmTryCompileExec1989502602.dir/link.txt --verbose=1
/usr/bin/cc     -DCHECK_FUNCTION_EXISTS=getaddrinfo -Wl,-search_paths_first -Wl,-headerpad_max_install_names   CMakeFiles/cmTryCompileExec1989502602.dir/CheckFunctionExists.c.o  -o cmTryCompileExec1989502602  


Determining if the function socket exists passed with the following output:
Change Dir: /Users/janmachacek/Talks/springone2gx2013/native/rabbitmq-c/CMakeFiles/CMakeTmp

Run Build Command:/usr/bin/make "cmTryCompileExec869561816/fast"
/Applications/Xcode5-DP5.app/Contents/Developer/usr/bin/make -f CMakeFiles/cmTryCompileExec869561816.dir/build.make CMakeFiles/cmTryCompileExec869561816.dir/build
/usr/local/Cellar/cmake/2.8.11.2/bin/cmake -E cmake_progress_report /Users/janmachacek/Talks/springone2gx2013/native/rabbitmq-c/CMakeFiles/CMakeTmp/CMakeFiles 1
Building C object CMakeFiles/cmTryCompileExec869561816.dir/CheckFunctionExists.c.o
/usr/bin/cc   -DCHECK_FUNCTION_EXISTS=socket   -o CMakeFiles/cmTryCompileExec869561816.dir/CheckFunctionExists.c.o   -c /usr/local/Cellar/cmake/2.8.11.2/share/cmake/Modules/CheckFunctionExists.c
Linking C executable cmTryCompileExec869561816
/usr/local/Cellar/cmake/2.8.11.2/bin/cmake -E cmake_link_script CMakeFiles/cmTryCompileExec869561816.dir/link.txt --verbose=1
/usr/bin/cc     -DCHECK_FUNCTION_EXISTS=socket -Wl,-search_paths_first -Wl,-headerpad_max_install_names   CMakeFiles/cmTryCompileExec869561816.dir/CheckFunctionExists.c.o  -o cmTryCompileExec869561816  


Determining if files pthread.h exist passed with the following output:
Change Dir: /Users/janmachacek/Talks/springone2gx2013/native/rabbitmq-c/CMakeFiles/CMakeTmp

Run Build Command:/usr/bin/make "cmTryCompileExec580392443/fast"
/Applications/Xcode5-DP5.app/Contents/Developer/usr/bin/make -f CMakeFiles/cmTryCompileExec580392443.dir/build.make CMakeFiles/cmTryCompileExec580392443.dir/build
/usr/local/Cellar/cmake/2.8.11.2/bin/cmake -E cmake_progress_report /Users/janmachacek/Talks/springone2gx2013/native/rabbitmq-c/CMakeFiles/CMakeTmp/CMakeFiles 1
Building C object CMakeFiles/cmTryCompileExec580392443.dir/CheckIncludeFiles.c.o
/usr/bin/cc    -o CMakeFiles/cmTryCompileExec580392443.dir/CheckIncludeFiles.c.o   -c /Users/janmachacek/Talks/springone2gx2013/native/rabbitmq-c/CMakeFiles/CMakeTmp/CheckIncludeFiles.c
Linking C executable cmTryCompileExec580392443
/usr/local/Cellar/cmake/2.8.11.2/bin/cmake -E cmake_link_script CMakeFiles/cmTryCompileExec580392443.dir/link.txt --verbose=1
/usr/bin/cc      -Wl,-search_paths_first -Wl,-headerpad_max_install_names   CMakeFiles/cmTryCompileExec580392443.dir/CheckIncludeFiles.c.o  -o cmTryCompileExec580392443  


Determining if the pthread_create exist passed with the following output:
Change Dir: /Users/janmachacek/Talks/springone2gx2013/native/rabbitmq-c/CMakeFiles/CMakeTmp

Run Build Command:/usr/bin/make "cmTryCompileExec1216272523/fast"
/Applications/Xcode5-DP5.app/Contents/Developer/usr/bin/make -f CMakeFiles/cmTryCompileExec1216272523.dir/build.make CMakeFiles/cmTryCompileExec1216272523.dir/build
/usr/local/Cellar/cmake/2.8.11.2/bin/cmake -E cmake_progress_report /Users/janmachacek/Talks/springone2gx2013/native/rabbitmq-c/CMakeFiles/CMakeTmp/CMakeFiles 1
Building C object CMakeFiles/cmTryCompileExec1216272523.dir/CheckSymbolExists.c.o
/usr/bin/cc    -o CMakeFiles/cmTryCompileExec1216272523.dir/CheckSymbolExists.c.o   -c /Users/janmachacek/Talks/springone2gx2013/native/rabbitmq-c/CMakeFiles/CMakeTmp/CheckSymbolExists.c
Linking C executable cmTryCompileExec1216272523
/usr/local/Cellar/cmake/2.8.11.2/bin/cmake -E cmake_link_script CMakeFiles/cmTryCompileExec1216272523.dir/link.txt --verbose=1
/usr/bin/cc      -Wl,-search_paths_first -Wl,-headerpad_max_install_names   CMakeFiles/cmTryCompileExec1216272523.dir/CheckSymbolExists.c.o  -o cmTryCompileExec1216272523  

File /Users/janmachacek/Talks/springone2gx2013/native/rabbitmq-c/CMakeFiles/CMakeTmp/CheckSymbolExists.c:
/* */
#include <pthread.h>

int main(int argc, char** argv)
{
  (void)argv;
#ifndef pthread_create
  return ((int*)(&pthread_create))[argc];
#else
  (void)argc;
  return 0;
#endif
}

